<?xml version="1.0" encoding="UTF-8"?>
<!-- Generated by org.testng.reporters.JUnitReportReporter -->
<testsuite hostname="Morgan" failures="0" tests="1" name="gridsel.gridselenium.GoogleTest" time="6.930" errors="0" timestamp="2023-12-19T16:14:35 IST" skipped="0">
  <testcase classname="gridsel.gridselenium.GoogleTest" name="HomePageCheck" time="6.930"/>
</testsuite> <!-- gridsel.gridselenium.GoogleTest -->
