<?xml version="1.0" encoding="UTF-8"?>
<!-- Generated by org.testng.reporters.JUnitReportReporter -->
<testsuite hostname="Morgan" failures="0" tests="1" name="gridsel.gridselenium.RSATest" time="9.542" errors="0" timestamp="2023-12-19T16:14:35 IST" skipped="0">
  <testcase classname="gridsel.gridselenium.RSATest" name="HomePageCheck" time="9.542"/>
</testsuite> <!-- gridsel.gridselenium.RSATest -->
